<?xml version="1.0" encoding="UTF-8"?>
<testng-results skipped="0" failed="0" ignored="0" total="3" passed="3">
  <reporter-output>
  </reporter-output>
  <suite name="Suite" duration-ms="13629" started-at="2022-05-01T20:00:24Z" finished-at="2022-05-01T20:00:38Z">
    <groups>
    </groups>
    <test name="Test" duration-ms="13629" started-at="2022-05-01T20:00:24Z" finished-at="2022-05-01T20:00:38Z">
      <class name="pom.sample.todaytix.AppTest">
        <test-method status="PASS" signature="initDriver()[pri:0, instance:pom.sample.todaytix.AppTest@7d9d1a19]" name="initDriver" is-config="true" duration-ms="4678" started-at="2022-05-01T16:00:19Z" finished-at="2022-05-01T16:00:24Z">
          <reporter-output>
          </reporter-output>
        </test-method> <!-- initDriver -->
        <test-method status="PASS" signature="launchingUrl()[pri:0, instance:pom.sample.todaytix.AppTest@7d9d1a19]" name="launchingUrl" is-config="true" duration-ms="9275" started-at="2022-05-01T16:00:24Z" finished-at="2022-05-01T16:00:33Z">
          <reporter-output>
          </reporter-output>
        </test-method> <!-- launchingUrl -->
        <test-method status="PASS" signature="verifyLogin()[pri:0, instance:pom.sample.todaytix.AppTest@7d9d1a19]" name="verifyLogin" duration-ms="3105" started-at="2022-05-01T16:00:33Z" finished-at="2022-05-01T16:00:36Z">
          <reporter-output>
          </reporter-output>
        </test-method> <!-- verifyLogin -->
        <test-method status="PASS" signature="verifyNegativeLogin()[pri:0, instance:pom.sample.todaytix.AppTest@7d9d1a19]" name="verifyNegativeLogin" duration-ms="1194" started-at="2022-05-01T16:00:36Z" finished-at="2022-05-01T16:00:38Z">
          <reporter-output>
          </reporter-output>
        </test-method> <!-- verifyNegativeLogin -->
        <test-method status="PASS" signature="verifyTitleOfLandingPage()[pri:0, instance:pom.sample.todaytix.AppTest@7d9d1a19]" name="verifyTitleOfLandingPage" duration-ms="15" started-at="2022-05-01T16:00:38Z" finished-at="2022-05-01T16:00:38Z">
          <reporter-output>
          </reporter-output>
        </test-method> <!-- verifyTitleOfLandingPage -->
        <test-method status="PASS" signature="quitDriver()[pri:0, instance:pom.sample.todaytix.AppTest@7d9d1a19]" name="quitDriver" is-config="true" duration-ms="1330" started-at="2022-05-01T16:00:38Z" finished-at="2022-05-01T16:00:39Z">
          <reporter-output>
          </reporter-output>
        </test-method> <!-- quitDriver -->
      </class> <!-- pom.sample.todaytix.AppTest -->
    </test> <!-- Test -->
  </suite> <!-- Suite -->
</testng-results>
