<?xml version="1.0" encoding="UTF-8"?>
<!-- Generated by org.testng.reporters.JUnitXMLReporter -->
<testsuite hostname="DESKTOP-MP27P43" ignored="0" name="Test" tests="3" failures="0" timestamp="01 May 2022 22:47:24 GMT" time="47.947" errors="0">
  <testcase name="verifyLogin" time="10.514" classname="pom.sample.todaytix.AppTest"/>
  <testcase name="verifyNegativeLogin" time="1.728" classname="pom.sample.todaytix.AppTest"/>
  <testcase name="verifyTitleOfLandingPage" time="0.04" classname="pom.sample.todaytix.AppTest"/>
</testsuite> <!-- Test -->
